[2026-06-09 13:08:28] [INFO] [salas-formacion] Migración ejecutada: 001_create_sucursales.sql
[2026-06-09 13:08:28] [INFO] [salas-formacion] Migración ejecutada: 002_create_salas.sql
[2026-06-09 13:08:28] [INFO] [salas-formacion] Migración ejecutada: 003_create_recursos.sql
[2026-06-09 13:08:28] [INFO] [salas-formacion] Migración ejecutada: 004_create_sala_recursos.sql
[2026-06-09 13:08:28] [INFO] [salas-formacion] Migración ejecutada: 005_create_usuarios.sql
[2026-06-09 13:08:28] [INFO] [salas-formacion] Migración ejecutada: 006_create_reservas.sql
[2026-06-09 13:08:28] [INFO] [salas-formacion] Migración ejecutada: 007_create_maestros.sql
[2026-06-09 13:08:28] [INFO] [salas-formacion] Migración ejecutada: 008_create_opciones_maestro.sql
[2026-06-09 13:08:28] [INFO] [salas-formacion] Migración ejecutada: 009_create_permisos.sql
[2026-06-09 13:08:28] [INFO] [salas-formacion] Migración ejecutada: 010_seed_master_data.sql
[2026-06-09 13:08:29] [INFO] [salas-formacion] Inicio de sesión exitoso {"usuario_id":1,"email":"admin@example.com","rol":"admin"}
[2026-06-09 13:08:35] [INFO] [salas-formacion] No hay migraciones pendientes
[2026-06-09 13:08:35] [INFO] [salas-formacion] Inicio de sesión exitoso {"usuario_id":1,"email":"admin@example.com","rol":"admin"}
[2026-06-09 13:08:35] [INFO] [salas-formacion] No hay migraciones pendientes
[2026-06-09 13:08:35] [INFO] [salas-formacion] No hay migraciones pendientes
[2026-06-09 13:08:35] [INFO] [salas-formacion] Sucursal creada {"id":1,"nombre":"Sucursal Centro"}
[2026-06-09 13:08:35] [INFO] [salas-formacion] No hay migraciones pendientes
[2026-06-09 13:08:35] [INFO] [salas-formacion] Sucursal creada {"id":2,"nombre":"Sucursal Norte"}
[2026-06-09 13:08:35] [INFO] [salas-formacion] No hay migraciones pendientes
[2026-06-09 13:08:35] [INFO] [salas-formacion] No hay migraciones pendientes
[2026-06-09 13:08:45] [INFO] [salas-formacion] No hay migraciones pendientes
[2026-06-09 13:08:45] [INFO] [salas-formacion] Inicio de sesión exitoso {"usuario_id":1,"email":"admin@example.com","rol":"admin"}
[2026-06-09 13:08:45] [INFO] [salas-formacion] No hay migraciones pendientes
[2026-06-09 13:08:45] [INFO] [salas-formacion] Sala creada {"id":1,"nombre":"Sala A","sucursal_id":1}
[2026-06-09 13:08:45] [INFO] [salas-formacion] No hay migraciones pendientes
[2026-06-09 13:08:45] [INFO] [salas-formacion] Recurso creado {"id":1,"nombre":"Proyector"}
[2026-06-09 13:08:45] [INFO] [salas-formacion] No hay migraciones pendientes
[2026-06-09 13:08:45] [INFO] [salas-formacion] Recurso asignado a sala {"sala_id":1,"recurso_id":1,"cantidad":1}
[2026-06-09 13:08:45] [INFO] [salas-formacion] No hay migraciones pendientes
[2026-06-09 13:08:45] [INFO] [salas-formacion] No hay migraciones pendientes
[2026-06-09 13:08:45] [INFO] [salas-formacion] Reserva creada {"id":1,"sala_id":1,"usuario_id":1,"fecha_inicio":"2026-07-10 09:00:00","fecha_fin":"2026-07-10 11:00:00"}
[2026-06-09 13:08:45] [INFO] [salas-formacion] No hay migraciones pendientes
[2026-06-09 13:08:45] [INFO] [salas-formacion] No hay migraciones pendientes
[2026-06-09 13:08:45] [INFO] [salas-formacion] No hay migraciones pendientes
[2026-06-09 13:08:45] [INFO] [salas-formacion] No hay migraciones pendientes
[2026-06-09 13:08:45] [INFO] [salas-formacion] No hay migraciones pendientes
[2026-06-09 13:08:45] [INFO] [salas-formacion] Inicio de sesión exitoso {"usuario_id":2,"email":"coordinador@example.com","rol":"coordinador"}
[2026-06-09 13:08:45] [INFO] [salas-formacion] No hay migraciones pendientes
[2026-06-09 13:08:45] [WARNING] [salas-formacion] Acceso denegado - sin permiso para operación {"rol":"coordinador","componente":"salas","metodo":"POST"}
[2026-06-09 13:08:45] [INFO] [salas-formacion] No hay migraciones pendientes
[2026-06-09 14:15:21] [INFO] [salas-formacion] Migración ejecutada: 001_create_sucursales.sql
[2026-06-09 14:15:21] [INFO] [salas-formacion] Migración ejecutada: 002_create_salas.sql
[2026-06-09 14:15:21] [INFO] [salas-formacion] Migración ejecutada: 003_create_recursos.sql
[2026-06-09 14:15:21] [INFO] [salas-formacion] Migración ejecutada: 004_create_sala_recursos.sql
[2026-06-09 14:15:21] [INFO] [salas-formacion] Migración ejecutada: 005_create_usuarios.sql
[2026-06-09 14:15:21] [INFO] [salas-formacion] Migración ejecutada: 006_create_reservas.sql
[2026-06-09 14:15:21] [INFO] [salas-formacion] Migración ejecutada: 007_create_maestros.sql
[2026-06-09 14:15:21] [INFO] [salas-formacion] Migración ejecutada: 008_create_opciones_maestro.sql
[2026-06-09 14:15:21] [INFO] [salas-formacion] Migración ejecutada: 009_create_permisos.sql
[2026-06-09 14:15:21] [INFO] [salas-formacion] Migración ejecutada: 010_seed_master_data.sql
[2026-06-09 14:15:21] [INFO] [salas-formacion] No hay migraciones pendientes
[2026-06-09 14:15:24] [INFO] [salas-formacion] No hay migraciones pendientes
[2026-06-09 14:15:24] [INFO] [salas-formacion] Inicio de sesión exitoso {"usuario_id":1,"email":"admin@example.com","rol":"admin"}
[2026-06-09 14:20:29] [INFO] [salas-formacion] No hay migraciones pendientes
[2026-06-09 14:20:29] [INFO] [salas-formacion] No hay migraciones pendientes
[2026-06-09 14:20:29] [INFO] [salas-formacion] No hay migraciones pendientes
[2026-06-09 14:20:37] [INFO] [salas-formacion] No hay migraciones pendientes
[2026-06-09 14:20:37] [INFO] [salas-formacion] Inicio de sesión exitoso {"usuario_id":1,"email":"admin@example.com","rol":"admin"}
[2026-06-09 14:20:39] [INFO] [salas-formacion] No hay migraciones pendientes
[2026-06-09 14:20:39] [INFO] [salas-formacion] No hay migraciones pendientes
[2026-06-09 14:20:39] [INFO] [salas-formacion] No hay migraciones pendientes
[2026-06-09 14:20:43] [INFO] [salas-formacion] No hay migraciones pendientes
[2026-06-09 14:20:43] [INFO] [salas-formacion] Inicio de sesión exitoso {"usuario_id":1,"email":"admin@example.com","rol":"admin"}
[2026-06-09 14:23:56] [INFO] [salas-formacion] No hay migraciones pendientes
[2026-06-09 14:23:56] [INFO] [salas-formacion] No hay migraciones pendientes
[2026-06-09 14:23:56] [INFO] [salas-formacion] No hay migraciones pendientes
[2026-06-09 14:23:58] [INFO] [salas-formacion] No hay migraciones pendientes
[2026-06-09 14:23:58] [INFO] [salas-formacion] No hay migraciones pendientes
[2026-06-09 14:23:58] [INFO] [salas-formacion] No hay migraciones pendientes
[2026-06-09 14:24:01] [INFO] [salas-formacion] No hay migraciones pendientes
[2026-06-09 14:24:01] [INFO] [salas-formacion] No hay migraciones pendientes
[2026-06-09 14:24:01] [INFO] [salas-formacion] No hay migraciones pendientes
[2026-06-09 14:26:51] [INFO] [salas-formacion] No hay migraciones pendientes
[2026-06-09 14:26:51] [INFO] [salas-formacion] No hay migraciones pendientes
[2026-06-09 14:26:51] [INFO] [salas-formacion] No hay migraciones pendientes
[2026-06-09 14:37:26] [INFO] [salas-formacion] Migración ejecutada: 001_create_sucursales.sql
[2026-06-09 14:37:26] [INFO] [salas-formacion] Migración ejecutada: 002_create_salas.sql
[2026-06-09 14:37:26] [INFO] [salas-formacion] Migración ejecutada: 003_create_recursos.sql
[2026-06-09 14:37:26] [INFO] [salas-formacion] Migración ejecutada: 004_create_sala_recursos.sql
[2026-06-09 14:37:26] [INFO] [salas-formacion] Migración ejecutada: 005_create_usuarios.sql
[2026-06-09 14:37:26] [INFO] [salas-formacion] Migración ejecutada: 006_create_reservas.sql
[2026-06-09 14:37:26] [INFO] [salas-formacion] Migración ejecutada: 007_create_maestros.sql
[2026-06-09 14:37:26] [INFO] [salas-formacion] Migración ejecutada: 008_create_opciones_maestro.sql
[2026-06-09 14:37:26] [INFO] [salas-formacion] Migración ejecutada: 009_create_permisos.sql
[2026-06-09 14:37:26] [INFO] [salas-formacion] Migración ejecutada: 010_seed_master_data.sql
[2026-06-09 14:37:27] [INFO] [salas-formacion] Inicio de sesión exitoso {"usuario_id":1,"email":"admin@example.com","rol":"admin"}
[2026-06-09 14:38:22] [INFO] [salas-formacion] Migración ejecutada: 001_create_sucursales.sql
[2026-06-09 14:38:22] [INFO] [salas-formacion] Migración ejecutada: 002_create_salas.sql
[2026-06-09 14:38:22] [INFO] [salas-formacion] Migración ejecutada: 003_create_recursos.sql
[2026-06-09 14:38:22] [INFO] [salas-formacion] Migración ejecutada: 004_create_sala_recursos.sql
[2026-06-09 14:38:22] [INFO] [salas-formacion] Migración ejecutada: 005_create_usuarios.sql
[2026-06-09 14:38:22] [INFO] [salas-formacion] Migración ejecutada: 006_create_reservas.sql
[2026-06-09 14:38:22] [INFO] [salas-formacion] Migración ejecutada: 007_create_maestros.sql
[2026-06-09 14:38:22] [INFO] [salas-formacion] Migración ejecutada: 008_create_opciones_maestro.sql
[2026-06-09 14:38:22] [INFO] [salas-formacion] Migración ejecutada: 009_create_permisos.sql
[2026-06-09 14:38:22] [INFO] [salas-formacion] Migración ejecutada: 010_seed_master_data.sql
[2026-06-09 14:38:44] [INFO] [salas-formacion] No hay migraciones pendientes
[2026-06-09 14:38:44] [INFO] [salas-formacion] Inicio de sesión exitoso {"usuario_id":1,"email":"admin@example.com","rol":"admin"}
[2026-06-09 14:39:27] [INFO] [salas-formacion] No hay migraciones pendientes
[2026-06-09 14:39:28] [INFO] [salas-formacion] Inicio de sesión exitoso {"usuario_id":1,"email":"admin@example.com","rol":"admin"}
[2026-06-09 14:39:28] [INFO] [salas-formacion] No hay migraciones pendientes
[2026-06-09 14:39:28] [INFO] [salas-formacion] Inicio de sesión exitoso {"usuario_id":1,"email":"admin@example.com","rol":"admin"}
[2026-06-09 14:39:30] [INFO] [salas-formacion] No hay migraciones pendientes
[2026-06-09 14:39:30] [INFO] [salas-formacion] Inicio de sesión exitoso {"usuario_id":1,"email":"admin@example.com","rol":"admin"}
[2026-06-09 14:40:03] [INFO] [salas-formacion] No hay migraciones pendientes
[2026-06-09 14:40:03] [INFO] [salas-formacion] Inicio de sesión exitoso {"usuario_id":1,"email":"admin@example.com","rol":"admin"}
[2026-06-09 14:41:39] [INFO] [salas-formacion] No hay migraciones pendientes
[2026-06-09 14:41:39] [INFO] [salas-formacion] Inicio de sesión exitoso {"usuario_id":1,"email":"admin@example.com","rol":"admin"}
[2026-06-09 14:41:39] [INFO] [salas-formacion] No hay migraciones pendientes
[2026-06-09 14:41:39] [WARNING] [salas-formacion] Credenciales inválidas {"email":"admin@example.com","caller":"App\\Controllers\\AuthController::login"}
[2026-06-09 14:41:39] [INFO] [salas-formacion] No hay migraciones pendientes
[2026-06-09 14:41:39] [INFO] [salas-formacion] No hay migraciones pendientes
[2026-06-09 14:43:51] [INFO] [salas-formacion] No hay migraciones pendientes
[2026-06-09 14:43:51] [INFO] [salas-formacion] Inicio de sesión exitoso {"usuario_id":1,"email":"admin@example.com","rol":"admin"}
[2026-06-09 14:43:51] [INFO] [salas-formacion] No hay migraciones pendientes
[2026-06-09 14:43:51] [INFO] [salas-formacion] No hay migraciones pendientes
[2026-06-09 14:43:51] [INFO] [salas-formacion] No hay migraciones pendientes
[2026-06-09 14:43:51] [INFO] [salas-formacion] No hay migraciones pendientes
[2026-06-09 14:44:07] [INFO] [salas-formacion] No hay migraciones pendientes
[2026-06-09 14:44:07] [INFO] [salas-formacion] No hay migraciones pendientes
[2026-06-09 14:44:07] [INFO] [salas-formacion] No hay migraciones pendientes
[2026-06-09 14:44:07] [INFO] [salas-formacion] No hay migraciones pendientes
[2026-06-09 14:44:11] [INFO] [salas-formacion] No hay migraciones pendientes
[2026-06-09 14:44:11] [INFO] [salas-formacion] No hay migraciones pendientes
[2026-06-09 14:44:11] [INFO] [salas-formacion] No hay migraciones pendientes
[2026-06-09 14:44:11] [INFO] [salas-formacion] No hay migraciones pendientes
[2026-06-09 14:44:13] [INFO] [salas-formacion] No hay migraciones pendientes
[2026-06-09 14:44:13] [INFO] [salas-formacion] No hay migraciones pendientes
[2026-06-09 14:44:13] [INFO] [salas-formacion] No hay migraciones pendientes
[2026-06-09 14:44:13] [INFO] [salas-formacion] No hay migraciones pendientes
[2026-06-09 14:44:15] [INFO] [salas-formacion] No hay migraciones pendientes
[2026-06-09 14:44:15] [INFO] [salas-formacion] No hay migraciones pendientes
[2026-06-09 14:44:15] [INFO] [salas-formacion] No hay migraciones pendientes
[2026-06-09 14:44:15] [INFO] [salas-formacion] No hay migraciones pendientes
[2026-06-09 14:44:15] [INFO] [salas-formacion] No hay migraciones pendientes
[2026-06-09 14:44:15] [INFO] [salas-formacion] No hay migraciones pendientes
[2026-06-09 14:44:15] [INFO] [salas-formacion] No hay migraciones pendientes
[2026-06-09 14:44:15] [INFO] [salas-formacion] No hay migraciones pendientes
[2026-06-09 14:44:16] [INFO] [salas-formacion] No hay migraciones pendientes
[2026-06-09 14:44:16] [INFO] [salas-formacion] No hay migraciones pendientes
[2026-06-09 14:44:16] [INFO] [salas-formacion] No hay migraciones pendientes
[2026-06-09 14:44:16] [INFO] [salas-formacion] No hay migraciones pendientes
[2026-06-09 14:44:17] [INFO] [salas-formacion] No hay migraciones pendientes
[2026-06-09 14:44:17] [INFO] [salas-formacion] No hay migraciones pendientes
[2026-06-09 14:44:17] [INFO] [salas-formacion] No hay migraciones pendientes
[2026-06-09 14:44:17] [INFO] [salas-formacion] No hay migraciones pendientes
[2026-06-09 14:44:17] [INFO] [salas-formacion] No hay migraciones pendientes
[2026-06-09 14:44:17] [INFO] [salas-formacion] No hay migraciones pendientes
[2026-06-09 14:44:17] [INFO] [salas-formacion] No hay migraciones pendientes
[2026-06-09 14:44:17] [INFO] [salas-formacion] No hay migraciones pendientes
[2026-06-09 14:44:19] [INFO] [salas-formacion] No hay migraciones pendientes
[2026-06-09 14:44:19] [INFO] [salas-formacion] No hay migraciones pendientes
[2026-06-09 14:44:19] [INFO] [salas-formacion] No hay migraciones pendientes
[2026-06-09 14:44:19] [INFO] [salas-formacion] No hay migraciones pendientes
[2026-06-09 14:44:32] [INFO] [salas-formacion] No hay migraciones pendientes
[2026-06-09 14:44:32] [INFO] [salas-formacion] No hay migraciones pendientes
[2026-06-09 14:44:32] [INFO] [salas-formacion] No hay migraciones pendientes
[2026-06-09 14:44:32] [INFO] [salas-formacion] No hay migraciones pendientes
[2026-06-09 14:44:40] [INFO] [salas-formacion] No hay migraciones pendientes
[2026-06-09 14:44:40] [INFO] [salas-formacion] No hay migraciones pendientes
[2026-06-09 14:44:40] [INFO] [salas-formacion] No hay migraciones pendientes
[2026-06-09 14:44:40] [INFO] [salas-formacion] No hay migraciones pendientes
[2026-06-09 14:59:22] [INFO] [salas-formacion] No hay migraciones pendientes
[2026-06-09 14:59:22] [INFO] [salas-formacion] No hay migraciones pendientes
[2026-06-09 14:59:22] [INFO] [salas-formacion] No hay migraciones pendientes
[2026-06-09 14:59:22] [INFO] [salas-formacion] No hay migraciones pendientes
[2026-06-09 14:59:23] [INFO] [salas-formacion] No hay migraciones pendientes
[2026-06-09 14:59:23] [INFO] [salas-formacion] No hay migraciones pendientes
[2026-06-09 14:59:23] [INFO] [salas-formacion] No hay migraciones pendientes
[2026-06-09 14:59:23] [INFO] [salas-formacion] No hay migraciones pendientes
[2026-06-09 14:59:24] [INFO] [salas-formacion] No hay migraciones pendientes
[2026-06-09 14:59:24] [INFO] [salas-formacion] No hay migraciones pendientes
[2026-06-09 14:59:24] [INFO] [salas-formacion] No hay migraciones pendientes
[2026-06-09 14:59:24] [INFO] [salas-formacion] No hay migraciones pendientes
[2026-06-09 14:59:25] [INFO] [salas-formacion] No hay migraciones pendientes
[2026-06-09 14:59:25] [INFO] [salas-formacion] No hay migraciones pendientes
[2026-06-09 14:59:25] [INFO] [salas-formacion] No hay migraciones pendientes
[2026-06-09 14:59:25] [INFO] [salas-formacion] No hay migraciones pendientes
[2026-06-09 15:23:48] [INFO] [salas-formacion] No hay migraciones pendientes
[2026-06-09 15:23:48] [INFO] [salas-formacion] No hay migraciones pendientes
[2026-06-09 15:23:48] [INFO] [salas-formacion] No hay migraciones pendientes
[2026-06-09 15:23:48] [INFO] [salas-formacion] No hay migraciones pendientes
[2026-06-09 15:23:51] [INFO] [salas-formacion] No hay migraciones pendientes
[2026-06-09 15:23:54] [INFO] [salas-formacion] No hay migraciones pendientes
[2026-06-09 15:23:54] [INFO] [salas-formacion] No hay migraciones pendientes
[2026-06-09 15:23:54] [INFO] [salas-formacion] No hay migraciones pendientes
[2026-06-09 15:23:57] [INFO] [salas-formacion] No hay migraciones pendientes
[2026-06-09 15:23:59] [INFO] [salas-formacion] No hay migraciones pendientes
[2026-06-09 15:24:01] [INFO] [salas-formacion] No hay migraciones pendientes
[2026-06-09 15:24:01] [INFO] [salas-formacion] No hay migraciones pendientes
[2026-06-09 15:24:01] [INFO] [salas-formacion] No hay migraciones pendientes
[2026-06-09 15:24:03] [INFO] [salas-formacion] No hay migraciones pendientes
[2026-06-09 15:24:32] [INFO] [salas-formacion] No hay migraciones pendientes
[2026-06-09 15:24:32] [INFO] [salas-formacion] Recurso creado {"id":1,"nombre":"proyector"}
[2026-06-09 15:24:32] [INFO] [salas-formacion] No hay migraciones pendientes
[2026-06-09 15:24:43] [INFO] [salas-formacion] No hay migraciones pendientes
[2026-06-09 15:24:43] [INFO] [salas-formacion] Recurso creado {"id":2,"nombre":"pantalla"}
[2026-06-09 15:24:43] [INFO] [salas-formacion] No hay migraciones pendientes
[2026-06-09 15:24:56] [INFO] [salas-formacion] No hay migraciones pendientes
[2026-06-09 15:24:56] [INFO] [salas-formacion] Recurso creado {"id":3,"nombre":"pizarra"}
[2026-06-09 15:24:56] [INFO] [salas-formacion] No hay migraciones pendientes
[2026-06-09 15:24:59] [INFO] [salas-formacion] No hay migraciones pendientes
[2026-06-09 15:24:59] [INFO] [salas-formacion] No hay migraciones pendientes
[2026-06-09 15:24:59] [INFO] [salas-formacion] No hay migraciones pendientes
[2026-06-09 15:25:00] [INFO] [salas-formacion] No hay migraciones pendientes
[2026-06-09 15:25:04] [INFO] [salas-formacion] No hay migraciones pendientes
[2026-06-09 15:25:04] [INFO] [salas-formacion] No hay migraciones pendientes
[2026-06-09 15:25:04] [INFO] [salas-formacion] No hay migraciones pendientes
[2026-06-09 15:25:08] [INFO] [salas-formacion] No hay migraciones pendientes
[2026-06-09 15:25:29] [INFO] [salas-formacion] No hay migraciones pendientes
[2026-06-09 15:25:29] [INFO] [salas-formacion] Sala creada {"id":1,"nombre":"Sala-101","sucursal_id":1}
[2026-06-09 15:25:29] [INFO] [salas-formacion] No hay migraciones pendientes
[2026-06-09 15:25:38] [INFO] [salas-formacion] No hay migraciones pendientes
[2026-06-09 15:25:38] [INFO] [salas-formacion] Recurso asignado a sala {"sala_id":1,"recurso_id":3,"cantidad":1}
[2026-06-09 15:25:38] [INFO] [salas-formacion] No hay migraciones pendientes
[2026-06-09 15:25:45] [INFO] [salas-formacion] No hay migraciones pendientes
[2026-06-09 15:25:45] [INFO] [salas-formacion] Recurso asignado a sala {"sala_id":1,"recurso_id":1,"cantidad":1}
[2026-06-09 15:25:45] [INFO] [salas-formacion] No hay migraciones pendientes
[2026-06-09 15:26:07] [INFO] [salas-formacion] No hay migraciones pendientes
[2026-06-09 15:26:07] [INFO] [salas-formacion] Recurso asignado a sala {"sala_id":1,"recurso_id":3,"cantidad":0}
[2026-06-09 15:26:07] [INFO] [salas-formacion] No hay migraciones pendientes
[2026-06-09 15:26:16] [INFO] [salas-formacion] No hay migraciones pendientes
[2026-06-09 15:26:16] [INFO] [salas-formacion] Recurso asignado a sala {"sala_id":1,"recurso_id":3,"cantidad":1}
[2026-06-09 15:26:16] [INFO] [salas-formacion] No hay migraciones pendientes
[2026-06-09 15:26:43] [INFO] [salas-formacion] No hay migraciones pendientes
[2026-06-09 15:26:43] [INFO] [salas-formacion] No hay migraciones pendientes
[2026-06-09 15:26:43] [INFO] [salas-formacion] No hay migraciones pendientes
[2026-06-09 15:27:16] [INFO] [salas-formacion] No hay migraciones pendientes
[2026-06-09 15:27:16] [INFO] [salas-formacion] Reserva creada {"id":1,"sala_id":1,"usuario_id":1,"fecha_inicio":"2026-06-10T17:30:00","fecha_fin":"2026-06-10T18:00:00"}
[2026-06-09 15:27:16] [INFO] [salas-formacion] No hay migraciones pendientes
[2026-06-09 15:27:30] [INFO] [salas-formacion] No hay migraciones pendientes
[2026-06-09 15:27:34] [INFO] [salas-formacion] No hay migraciones pendientes
[2026-06-09 15:27:39] [INFO] [salas-formacion] No hay migraciones pendientes
[2026-06-09 15:27:42] [INFO] [salas-formacion] No hay migraciones pendientes
[2026-06-09 15:27:46] [INFO] [salas-formacion] No hay migraciones pendientes
[2026-06-09 15:27:49] [INFO] [salas-formacion] No hay migraciones pendientes
[2026-06-09 15:27:53] [INFO] [salas-formacion] No hay migraciones pendientes
[2026-06-09 15:28:36] [INFO] [salas-formacion] No hay migraciones pendientes
[2026-06-09 15:28:38] [INFO] [salas-formacion] No hay migraciones pendientes
[2026-06-09 15:28:38] [INFO] [salas-formacion] No hay migraciones pendientes
[2026-06-09 15:28:38] [INFO] [salas-formacion] No hay migraciones pendientes
[2026-06-09 15:37:26] [INFO] [salas-formacion] No hay migraciones pendientes
[2026-06-09 15:37:26] [INFO] [salas-formacion] No hay migraciones pendientes
[2026-06-09 15:37:26] [INFO] [salas-formacion] No hay migraciones pendientes
[2026-06-09 15:37:33] [INFO] [salas-formacion] No hay migraciones pendientes
[2026-06-09 15:37:33] [INFO] [salas-formacion] No hay migraciones pendientes
[2026-06-09 15:37:33] [INFO] [salas-formacion] No hay migraciones pendientes
[2026-06-09 15:59:15] [INFO] [salas-formacion] No hay migraciones pendientes
[2026-06-09 15:59:15] [INFO] [salas-formacion] No hay migraciones pendientes
[2026-06-09 15:59:15] [INFO] [salas-formacion] No hay migraciones pendientes
[2026-06-09 15:59:15] [INFO] [salas-formacion] No hay migraciones pendientes
[2026-06-09 15:59:28] [INFO] [salas-formacion] No hay migraciones pendientes
[2026-06-09 15:59:28] [INFO] [salas-formacion] Recurso asignado a sala {"sala_id":1,"recurso_id":2,"cantidad":2}
[2026-06-09 15:59:28] [INFO] [salas-formacion] No hay migraciones pendientes
[2026-06-09 15:59:42] [INFO] [salas-formacion] No hay migraciones pendientes
[2026-06-09 15:59:42] [INFO] [salas-formacion] Recurso asignado a sala {"sala_id":1,"recurso_id":2,"cantidad":0}
[2026-06-09 15:59:42] [INFO] [salas-formacion] No hay migraciones pendientes
[2026-06-09 16:03:52] [INFO] [salas-formacion] No hay migraciones pendientes
[2026-06-09 16:03:52] [INFO] [salas-formacion] No hay migraciones pendientes
[2026-06-09 16:03:52] [INFO] [salas-formacion] No hay migraciones pendientes
[2026-06-09 16:03:52] [INFO] [salas-formacion] No hay migraciones pendientes
[2026-06-09 16:07:22] [INFO] [salas-formacion] No hay migraciones pendientes
[2026-06-09 16:07:26] [INFO] [salas-formacion] No hay migraciones pendientes
[2026-06-09 16:07:44] [INFO] [salas-formacion] No hay migraciones pendientes
[2026-06-09 16:07:50] [INFO] [salas-formacion] No hay migraciones pendientes
[2026-06-09 16:08:16] [INFO] [salas-formacion] No hay migraciones pendientes
[2026-06-09 16:08:21] [INFO] [salas-formacion] No hay migraciones pendientes
[2026-06-09 16:08:51] [INFO] [salas-formacion] No hay migraciones pendientes
[2026-06-09 16:08:51] [INFO] [salas-formacion] Opción de maestro creada {"id":9,"codigo":"monitor","maestro_codigo":"user_role"}
[2026-06-09 16:08:51] [INFO] [salas-formacion] No hay migraciones pendientes
[2026-06-09 16:08:58] [INFO] [salas-formacion] No hay migraciones pendientes
[2026-06-09 16:08:58] [INFO] [salas-formacion] Opción de maestro actualizada {"id":9,"codigo":"monitor"}
[2026-06-09 16:08:58] [INFO] [salas-formacion] No hay migraciones pendientes
[2026-06-09 16:14:10] [INFO] [salas-formacion] No hay migraciones pendientes
[2026-06-09 16:15:10] [INFO] [salas-formacion] No hay migraciones pendientes
[2026-06-09 16:15:32] [INFO] [salas-formacion] No hay migraciones pendientes
[2026-06-09 16:15:32] [INFO] [salas-formacion] Inicio de sesión exitoso {"usuario_id":2,"email":"coordinador@example.com","rol":"coordinador"}
[2026-06-09 16:15:32] [INFO] [salas-formacion] No hay migraciones pendientes
[2026-06-09 16:15:32] [WARNING] [salas-formacion] Acceso denegado - sin permiso para operación {"rol":"coordinador","componente":"permisos","metodo":"GET"}
[2026-06-09 16:15:32] [INFO] [salas-formacion] No hay migraciones pendientes
[2026-06-09 16:15:32] [INFO] [salas-formacion] No hay migraciones pendientes
[2026-06-09 16:15:32] [INFO] [salas-formacion] No hay migraciones pendientes
[2026-06-09 16:15:44] [INFO] [salas-formacion] No hay migraciones pendientes
[2026-06-09 16:15:44] [WARNING] [salas-formacion] Acceso denegado - sin permiso para operación {"rol":"coordinador","componente":"permisos","metodo":"GET"}
[2026-06-09 16:15:44] [INFO] [salas-formacion] No hay migraciones pendientes
[2026-06-09 16:15:44] [INFO] [salas-formacion] No hay migraciones pendientes
[2026-06-09 16:15:44] [INFO] [salas-formacion] No hay migraciones pendientes
[2026-06-09 16:16:10] [INFO] [salas-formacion] No hay migraciones pendientes
[2026-06-09 16:16:10] [INFO] [salas-formacion] No hay migraciones pendientes
[2026-06-09 16:16:10] [INFO] [salas-formacion] No hay migraciones pendientes
[2026-06-09 16:16:16] [INFO] [salas-formacion] No hay migraciones pendientes
[2026-06-09 16:16:16] [INFO] [salas-formacion] Inicio de sesión exitoso {"usuario_id":1,"email":"admin@example.com","rol":"admin"}
[2026-06-09 16:16:16] [INFO] [salas-formacion] No hay migraciones pendientes
[2026-06-09 16:16:16] [INFO] [salas-formacion] No hay migraciones pendientes
[2026-06-09 16:16:16] [INFO] [salas-formacion] No hay migraciones pendientes
[2026-06-09 16:16:16] [INFO] [salas-formacion] No hay migraciones pendientes
[2026-06-09 16:16:21] [INFO] [salas-formacion] No hay migraciones pendientes
[2026-06-09 16:16:25] [INFO] [salas-formacion] No hay migraciones pendientes
[2026-06-09 16:16:25] [INFO] [salas-formacion] Permiso actualizado {"rol":"coordinador","componente":"permisos","data":{"permiso_lectura":true,"permiso_creacion":false,"permiso_actualizacion":false,"permiso_eliminacion":false}}
[2026-06-09 16:16:34] [INFO] [salas-formacion] No hay migraciones pendientes
[2026-06-09 16:17:15] [INFO] [salas-formacion] No hay migraciones pendientes
[2026-06-09 16:17:16] [WARNING] [salas-formacion] Credenciales inválidas {"email":"coordinador@example.com","caller":"App\\Controllers\\AuthController::login"}
[2026-06-09 16:17:32] [INFO] [salas-formacion] No hay migraciones pendientes
[2026-06-09 16:17:32] [INFO] [salas-formacion] Inicio de sesión exitoso {"usuario_id":2,"email":"coordinador@example.com","rol":"coordinador"}
[2026-06-09 16:17:32] [INFO] [salas-formacion] No hay migraciones pendientes
[2026-06-09 16:17:32] [INFO] [salas-formacion] No hay migraciones pendientes
[2026-06-09 16:17:32] [INFO] [salas-formacion] No hay migraciones pendientes
[2026-06-09 16:17:32] [INFO] [salas-formacion] No hay migraciones pendientes
[2026-06-09 16:17:41] [INFO] [salas-formacion] No hay migraciones pendientes
[2026-06-09 16:17:41] [INFO] [salas-formacion] No hay migraciones pendientes
[2026-06-09 16:17:41] [INFO] [salas-formacion] No hay migraciones pendientes
[2026-06-09 16:22:06] [INFO] [salas-formacion] No hay migraciones pendientes
[2026-06-09 16:22:06] [INFO] [salas-formacion] No hay migraciones pendientes
[2026-06-09 16:22:06] [INFO] [salas-formacion] No hay migraciones pendientes
[2026-06-09 16:22:06] [INFO] [salas-formacion] No hay migraciones pendientes
[2026-06-09 16:22:41] [INFO] [salas-formacion] No hay migraciones pendientes
[2026-06-09 16:22:41] [INFO] [salas-formacion] No hay migraciones pendientes
[2026-06-09 16:22:41] [INFO] [salas-formacion] No hay migraciones pendientes
[2026-06-09 16:22:41] [INFO] [salas-formacion] No hay migraciones pendientes
[2026-06-10 07:15:49] [INFO] [salas-formacion] No hay migraciones pendientes
[2026-06-10 07:16:03] [INFO] [salas-formacion] No hay migraciones pendientes
[2026-06-10 07:16:03] [INFO] [salas-formacion] Inicio de sesión exitoso {"usuario_id":1,"email":"admin@example.com","rol":"admin"}
[2026-06-10 07:38:01] [INFO] [salas-formacion] No hay migraciones pendientes
[2026-06-10 07:38:01] [INFO] [salas-formacion] Inicio de sesión exitoso {"usuario_id":1,"email":"admin@example.com","rol":"admin"}
[2026-06-10 07:39:05] [INFO] [salas-formacion] No hay migraciones pendientes
[2026-06-10 07:39:12] [INFO] [salas-formacion] No hay migraciones pendientes
[2026-06-10 07:57:21] [INFO] [salas-formacion] No hay migraciones pendientes
[2026-06-10 07:57:21] [WARNING] [salas-formacion] Credenciales inválidas {"email":"admin@example.com","caller":"App\\Controllers\\AuthController::login"}
[2026-06-10 07:57:39] [INFO] [salas-formacion] No hay migraciones pendientes
[2026-06-10 07:57:39] [INFO] [salas-formacion] Inicio de sesión exitoso {"usuario_id":1,"email":"admin@example.com","rol":"admin"}
[2026-06-10 07:57:40] [INFO] [salas-formacion] No hay migraciones pendientes
[2026-06-10 07:57:40] [INFO] [salas-formacion] No hay migraciones pendientes
[2026-06-10 07:57:40] [INFO] [salas-formacion] No hay migraciones pendientes
[2026-06-10 07:57:40] [INFO] [salas-formacion] No hay migraciones pendientes
[2026-06-10 07:58:44] [INFO] [salas-formacion] No hay migraciones pendientes
[2026-06-10 07:58:44] [INFO] [salas-formacion] No hay migraciones pendientes
[2026-06-10 07:58:44] [INFO] [salas-formacion] No hay migraciones pendientes
[2026-06-10 07:58:44] [INFO] [salas-formacion] No hay migraciones pendientes
[2026-06-10 08:04:56] [INFO] [salas-formacion] No hay migraciones pendientes
[2026-06-10 08:04:56] [INFO] [salas-formacion] No hay migraciones pendientes
[2026-06-10 08:04:56] [INFO] [salas-formacion] No hay migraciones pendientes
[2026-06-10 08:04:56] [INFO] [salas-formacion] No hay migraciones pendientes
[2026-06-10 08:07:07] [INFO] [salas-formacion] No hay migraciones pendientes
[2026-06-10 08:07:07] [INFO] [salas-formacion] No hay migraciones pendientes
[2026-06-10 08:07:07] [INFO] [salas-formacion] No hay migraciones pendientes
[2026-06-10 08:07:07] [INFO] [salas-formacion] No hay migraciones pendientes
[2026-06-10 08:07:12] [INFO] [salas-formacion] No hay migraciones pendientes
[2026-06-10 08:07:14] [INFO] [salas-formacion] No hay migraciones pendientes
[2026-06-10 08:07:14] [INFO] [salas-formacion] No hay migraciones pendientes
[2026-06-10 08:07:14] [INFO] [salas-formacion] No hay migraciones pendientes
[2026-06-10 08:07:15] [INFO] [salas-formacion] No hay migraciones pendientes
[2026-06-10 08:07:15] [INFO] [salas-formacion] No hay migraciones pendientes
[2026-06-10 08:07:15] [INFO] [salas-formacion] No hay migraciones pendientes
[2026-06-10 08:07:15] [INFO] [salas-formacion] No hay migraciones pendientes
[2026-06-10 08:07:17] [INFO] [salas-formacion] No hay migraciones pendientes
[2026-06-10 08:07:27] [INFO] [salas-formacion] No hay migraciones pendientes
[2026-06-10 08:07:27] [INFO] [salas-formacion] No hay migraciones pendientes
[2026-06-10 08:07:27] [INFO] [salas-formacion] No hay migraciones pendientes
[2026-06-10 08:07:35] [INFO] [salas-formacion] No hay migraciones pendientes
[2026-06-10 08:07:47] [INFO] [salas-formacion] No hay migraciones pendientes
[2026-06-10 08:07:47] [INFO] [salas-formacion] No hay migraciones pendientes
[2026-06-10 08:07:47] [INFO] [salas-formacion] No hay migraciones pendientes
[2026-06-10 08:08:48] [INFO] [salas-formacion] No hay migraciones pendientes
[2026-06-10 08:08:48] [INFO] [salas-formacion] No hay migraciones pendientes
[2026-06-10 08:08:48] [INFO] [salas-formacion] No hay migraciones pendientes
[2026-06-10 08:08:48] [INFO] [salas-formacion] No hay migraciones pendientes
[2026-06-10 08:09:57] [INFO] [salas-formacion] No hay migraciones pendientes
[2026-06-10 08:10:00] [INFO] [salas-formacion] No hay migraciones pendientes
[2026-06-10 08:10:00] [INFO] [salas-formacion] No hay migraciones pendientes
[2026-06-10 08:10:00] [INFO] [salas-formacion] No hay migraciones pendientes
[2026-06-10 08:13:38] [INFO] [salas-formacion] No hay migraciones pendientes
[2026-06-10 08:13:38] [INFO] [salas-formacion] No hay migraciones pendientes
[2026-06-10 08:13:38] [INFO] [salas-formacion] No hay migraciones pendientes
[2026-06-10 08:13:38] [INFO] [salas-formacion] No hay migraciones pendientes
[2026-06-10 08:13:47] [INFO] [salas-formacion] No hay migraciones pendientes
[2026-06-10 08:13:47] [INFO] [salas-formacion] No hay migraciones pendientes
[2026-06-10 08:13:47] [INFO] [salas-formacion] No hay migraciones pendientes
[2026-06-10 08:13:47] [INFO] [salas-formacion] No hay migraciones pendientes
[2026-06-10 08:13:56] [INFO] [salas-formacion] No hay migraciones pendientes
[2026-06-10 08:13:56] [INFO] [salas-formacion] No hay migraciones pendientes
[2026-06-10 08:13:56] [INFO] [salas-formacion] No hay migraciones pendientes
[2026-06-10 08:13:56] [INFO] [salas-formacion] No hay migraciones pendientes
[2026-06-10 08:14:14] [INFO] [salas-formacion] No hay migraciones pendientes
[2026-06-10 08:14:14] [INFO] [salas-formacion] No hay migraciones pendientes
[2026-06-10 08:14:14] [INFO] [salas-formacion] No hay migraciones pendientes
[2026-06-10 08:14:14] [INFO] [salas-formacion] No hay migraciones pendientes
[2026-06-10 08:14:23] [INFO] [salas-formacion] No hay migraciones pendientes
[2026-06-10 08:14:23] [INFO] [salas-formacion] No hay migraciones pendientes
[2026-06-10 08:14:23] [INFO] [salas-formacion] No hay migraciones pendientes
[2026-06-10 08:14:23] [INFO] [salas-formacion] No hay migraciones pendientes
[2026-06-10 08:14:27] [INFO] [salas-formacion] No hay migraciones pendientes
[2026-06-10 08:14:28] [INFO] [salas-formacion] No hay migraciones pendientes
[2026-06-10 08:14:28] [INFO] [salas-formacion] No hay migraciones pendientes
[2026-06-10 08:14:28] [INFO] [salas-formacion] No hay migraciones pendientes
[2026-06-10 08:14:29] [INFO] [salas-formacion] No hay migraciones pendientes
[2026-06-10 08:14:30] [INFO] [salas-formacion] No hay migraciones pendientes
[2026-06-10 08:14:30] [INFO] [salas-formacion] No hay migraciones pendientes
[2026-06-10 08:14:30] [INFO] [salas-formacion] No hay migraciones pendientes
[2026-06-10 08:14:34] [INFO] [salas-formacion] No hay migraciones pendientes
[2026-06-10 08:14:34] [INFO] [salas-formacion] No hay migraciones pendientes
[2026-06-10 08:14:34] [INFO] [salas-formacion] No hay migraciones pendientes
[2026-06-10 08:14:34] [INFO] [salas-formacion] No hay migraciones pendientes
[2026-06-10 08:14:36] [INFO] [salas-formacion] No hay migraciones pendientes
[2026-06-10 08:14:37] [INFO] [salas-formacion] No hay migraciones pendientes
[2026-06-10 08:14:37] [INFO] [salas-formacion] No hay migraciones pendientes
[2026-06-10 08:14:37] [INFO] [salas-formacion] No hay migraciones pendientes
[2026-06-10 08:14:52] [INFO] [salas-formacion] No hay migraciones pendientes
[2026-06-10 08:14:52] [INFO] [salas-formacion] No hay migraciones pendientes
[2026-06-10 08:16:14] [INFO] [salas-formacion] No hay migraciones pendientes
[2026-06-10 08:16:14] [INFO] [salas-formacion] No hay migraciones pendientes
[2026-06-10 08:16:14] [INFO] [salas-formacion] No hay migraciones pendientes
[2026-06-10 08:16:14] [INFO] [salas-formacion] No hay migraciones pendientes
[2026-06-10 08:16:23] [INFO] [salas-formacion] No hay migraciones pendientes
[2026-06-10 08:16:23] [INFO] [salas-formacion] No hay migraciones pendientes
[2026-06-10 08:16:23] [INFO] [salas-formacion] No hay migraciones pendientes
[2026-06-10 08:16:23] [INFO] [salas-formacion] No hay migraciones pendientes
[2026-06-10 08:16:32] [INFO] [salas-formacion] No hay migraciones pendientes
[2026-06-10 08:16:32] [INFO] [salas-formacion] No hay migraciones pendientes
[2026-06-10 08:16:32] [INFO] [salas-formacion] No hay migraciones pendientes
[2026-06-10 08:16:32] [INFO] [salas-formacion] No hay migraciones pendientes
[2026-06-10 08:17:18] [INFO] [salas-formacion] No hay migraciones pendientes
[2026-06-10 08:17:18] [INFO] [salas-formacion] No hay migraciones pendientes
[2026-06-10 08:17:18] [INFO] [salas-formacion] No hay migraciones pendientes
[2026-06-10 08:17:18] [INFO] [salas-formacion] No hay migraciones pendientes
[2026-06-10 08:22:16] [INFO] [salas-formacion] No hay migraciones pendientes
[2026-06-10 08:22:16] [INFO] [salas-formacion] No hay migraciones pendientes
[2026-06-10 08:22:16] [INFO] [salas-formacion] No hay migraciones pendientes
[2026-06-10 08:22:44] [INFO] [salas-formacion] No hay migraciones pendientes
[2026-06-10 08:22:44] [INFO] [salas-formacion] No hay migraciones pendientes
[2026-06-10 08:22:44] [INFO] [salas-formacion] No hay migraciones pendientes
[2026-06-10 08:22:44] [INFO] [salas-formacion] No hay migraciones pendientes
[2026-06-10 08:22:58] [INFO] [salas-formacion] No hay migraciones pendientes
[2026-06-10 08:22:58] [INFO] [salas-formacion] No hay migraciones pendientes
[2026-06-10 08:22:58] [INFO] [salas-formacion] No hay migraciones pendientes
[2026-06-10 08:22:58] [INFO] [salas-formacion] No hay migraciones pendientes
[2026-06-10 08:23:00] [INFO] [salas-formacion] No hay migraciones pendientes
[2026-06-10 08:23:00] [INFO] [salas-formacion] No hay migraciones pendientes
[2026-06-10 08:23:00] [INFO] [salas-formacion] No hay migraciones pendientes
[2026-06-10 08:23:00] [INFO] [salas-formacion] No hay migraciones pendientes
[2026-06-10 08:23:51] [INFO] [salas-formacion] No hay migraciones pendientes
[2026-06-10 08:23:51] [INFO] [salas-formacion] No hay migraciones pendientes
[2026-06-10 08:23:51] [INFO] [salas-formacion] No hay migraciones pendientes
[2026-06-10 08:24:02] [INFO] [salas-formacion] No hay migraciones pendientes
[2026-06-10 08:24:02] [INFO] [salas-formacion] No hay migraciones pendientes
[2026-06-10 08:24:02] [INFO] [salas-formacion] No hay migraciones pendientes
[2026-06-10 08:24:02] [INFO] [salas-formacion] No hay migraciones pendientes
[2026-06-10 08:27:24] [INFO] [salas-formacion] No hay migraciones pendientes
[2026-06-10 08:27:24] [INFO] [salas-formacion] No hay migraciones pendientes
[2026-06-10 08:27:24] [INFO] [salas-formacion] No hay migraciones pendientes
[2026-06-10 08:27:25] [INFO] [salas-formacion] No hay migraciones pendientes
[2026-06-10 08:28:50] [INFO] [salas-formacion] No hay migraciones pendientes
[2026-06-10 08:28:50] [INFO] [salas-formacion] No hay migraciones pendientes
[2026-06-10 08:28:50] [INFO] [salas-formacion] No hay migraciones pendientes
[2026-06-10 08:28:54] [INFO] [salas-formacion] No hay migraciones pendientes
[2026-06-10 08:28:54] [INFO] [salas-formacion] No hay migraciones pendientes
[2026-06-10 08:28:54] [INFO] [salas-formacion] No hay migraciones pendientes
[2026-06-10 08:28:54] [INFO] [salas-formacion] No hay migraciones pendientes
[2026-06-10 08:29:51] [INFO] [salas-formacion] No hay migraciones pendientes
[2026-06-10 08:29:51] [INFO] [salas-formacion] No hay migraciones pendientes
[2026-06-10 08:29:52] [INFO] [salas-formacion] No hay migraciones pendientes
[2026-06-10 08:29:52] [INFO] [salas-formacion] No hay migraciones pendientes
[2026-06-10 08:29:52] [INFO] [salas-formacion] No hay migraciones pendientes
[2026-06-10 08:30:22] [INFO] [salas-formacion] No hay migraciones pendientes
[2026-06-10 08:30:22] [INFO] [salas-formacion] No hay migraciones pendientes
[2026-06-10 08:30:22] [INFO] [salas-formacion] No hay migraciones pendientes
[2026-06-10 08:30:22] [INFO] [salas-formacion] No hay migraciones pendientes
[2026-06-10 09:03:42] [INFO] [salas-formacion] No hay migraciones pendientes
[2026-06-10 09:03:42] [INFO] [salas-formacion] No hay migraciones pendientes
[2026-06-10 09:03:42] [INFO] [salas-formacion] No hay migraciones pendientes
[2026-06-10 09:03:42] [INFO] [salas-formacion] No hay migraciones pendientes
[2026-06-10 09:07:23] [INFO] [salas-formacion] No hay migraciones pendientes
[2026-06-10 09:07:23] [INFO] [salas-formacion] No hay migraciones pendientes
[2026-06-10 09:07:23] [INFO] [salas-formacion] No hay migraciones pendientes
[2026-06-10 09:07:36] [INFO] [salas-formacion] No hay migraciones pendientes
[2026-06-10 09:07:36] [INFO] [salas-formacion] No hay migraciones pendientes
[2026-06-10 09:07:36] [INFO] [salas-formacion] No hay migraciones pendientes
[2026-06-10 09:07:36] [INFO] [salas-formacion] No hay migraciones pendientes
[2026-06-10 09:07:45] [INFO] [salas-formacion] No hay migraciones pendientes
[2026-06-10 09:07:45] [INFO] [salas-formacion] No hay migraciones pendientes
[2026-06-10 09:07:45] [INFO] [salas-formacion] No hay migraciones pendientes
[2026-06-10 09:07:45] [INFO] [salas-formacion] No hay migraciones pendientes
[2026-06-10 09:07:54] [INFO] [salas-formacion] No hay migraciones pendientes
[2026-06-10 09:07:54] [INFO] [salas-formacion] No hay migraciones pendientes
[2026-06-10 09:07:54] [INFO] [salas-formacion] No hay migraciones pendientes
[2026-06-10 09:07:54] [INFO] [salas-formacion] No hay migraciones pendientes
[2026-06-10 09:09:12] [INFO] [salas-formacion] No hay migraciones pendientes
[2026-06-10 09:09:12] [INFO] [salas-formacion] No hay migraciones pendientes
[2026-06-10 09:09:12] [INFO] [salas-formacion] No hay migraciones pendientes
[2026-06-10 09:09:12] [INFO] [salas-formacion] No hay migraciones pendientes
[2026-06-10 09:27:31] [INFO] [salas-formacion] No hay migraciones pendientes
[2026-06-10 09:27:31] [INFO] [salas-formacion] No hay migraciones pendientes
[2026-06-10 09:27:31] [INFO] [salas-formacion] No hay migraciones pendientes
[2026-06-10 09:27:36] [INFO] [salas-formacion] No hay migraciones pendientes
[2026-06-10 09:27:36] [INFO] [salas-formacion] No hay migraciones pendientes
[2026-06-10 09:27:36] [INFO] [salas-formacion] No hay migraciones pendientes
[2026-06-10 09:27:41] [INFO] [salas-formacion] No hay migraciones pendientes
[2026-06-10 09:27:41] [INFO] [salas-formacion] No hay migraciones pendientes
[2026-06-10 09:27:41] [INFO] [salas-formacion] No hay migraciones pendientes
[2026-06-10 09:27:41] [INFO] [salas-formacion] No hay migraciones pendientes
[2026-06-10 09:27:50] [INFO] [salas-formacion] No hay migraciones pendientes
[2026-06-10 09:27:50] [INFO] [salas-formacion] No hay migraciones pendientes
[2026-06-10 09:27:50] [INFO] [salas-formacion] No hay migraciones pendientes
[2026-06-10 09:27:50] [INFO] [salas-formacion] No hay migraciones pendientes
[2026-06-10 09:27:59] [INFO] [salas-formacion] No hay migraciones pendientes
[2026-06-10 09:27:59] [INFO] [salas-formacion] No hay migraciones pendientes
[2026-06-10 09:27:59] [INFO] [salas-formacion] No hay migraciones pendientes
[2026-06-10 09:27:59] [INFO] [salas-formacion] No hay migraciones pendientes
[2026-06-10 09:29:55] [INFO] [salas-formacion] No hay migraciones pendientes
[2026-06-10 09:29:55] [INFO] [salas-formacion] No hay migraciones pendientes
[2026-06-10 09:29:55] [INFO] [salas-formacion] No hay migraciones pendientes
[2026-06-10 09:29:55] [INFO] [salas-formacion] No hay migraciones pendientes
[2026-06-10 09:37:07] [INFO] [salas-formacion] No hay migraciones pendientes
[2026-06-10 09:37:07] [INFO] [salas-formacion] No hay migraciones pendientes
[2026-06-10 09:37:07] [INFO] [salas-formacion] No hay migraciones pendientes
[2026-06-10 09:37:07] [INFO] [salas-formacion] No hay migraciones pendientes
[2026-06-10 09:37:15] [INFO] [salas-formacion] No hay migraciones pendientes
[2026-06-10 09:37:15] [INFO] [salas-formacion] No hay migraciones pendientes
[2026-06-10 09:37:15] [INFO] [salas-formacion] No hay migraciones pendientes
[2026-06-10 09:37:15] [INFO] [salas-formacion] No hay migraciones pendientes
[2026-06-10 09:37:23] [INFO] [salas-formacion] No hay migraciones pendientes
[2026-06-10 09:37:23] [INFO] [salas-formacion] No hay migraciones pendientes
[2026-06-10 09:37:23] [INFO] [salas-formacion] No hay migraciones pendientes
[2026-06-10 09:37:23] [INFO] [salas-formacion] No hay migraciones pendientes
[2026-06-10 09:47:23] [INFO] [salas-formacion] No hay migraciones pendientes
[2026-06-10 09:47:23] [INFO] [salas-formacion] No hay migraciones pendientes
[2026-06-10 10:46:53] [INFO] [salas-formacion] No hay migraciones pendientes
[2026-06-10 10:46:53] [INFO] [salas-formacion] No hay migraciones pendientes
[2026-06-10 10:46:53] [INFO] [salas-formacion] No hay migraciones pendientes
[2026-06-10 10:47:00] [INFO] [salas-formacion] No hay migraciones pendientes
[2026-06-10 10:47:00] [INFO] [salas-formacion] No hay migraciones pendientes
[2026-06-10 10:47:00] [INFO] [salas-formacion] No hay migraciones pendientes
[2026-06-10 10:54:15] [INFO] [salas-formacion] No hay migraciones pendientes
[2026-06-10 10:54:15] [INFO] [salas-formacion] No hay migraciones pendientes
[2026-06-10 10:54:15] [INFO] [salas-formacion] No hay migraciones pendientes
[2026-06-10 10:54:46] [INFO] [salas-formacion] No hay migraciones pendientes
[2026-06-10 10:54:46] [INFO] [salas-formacion] No hay migraciones pendientes
[2026-06-10 10:54:46] [INFO] [salas-formacion] No hay migraciones pendientes
[2026-06-10 10:55:18] [INFO] [salas-formacion] No hay migraciones pendientes
[2026-06-10 10:55:18] [INFO] [salas-formacion] No hay migraciones pendientes
[2026-06-10 10:55:19] [INFO] [salas-formacion] No hay migraciones pendientes
[2026-06-10 10:57:21] [INFO] [salas-formacion] No hay migraciones pendientes
[2026-06-10 10:57:21] [INFO] [salas-formacion] No hay migraciones pendientes
[2026-06-10 10:57:21] [INFO] [salas-formacion] No hay migraciones pendientes
[2026-06-10 10:58:38] [INFO] [salas-formacion] No hay migraciones pendientes
[2026-06-10 10:58:38] [INFO] [salas-formacion] No hay migraciones pendientes
[2026-06-10 10:58:39] [INFO] [salas-formacion] No hay migraciones pendientes
[2026-06-10 10:59:01] [INFO] [salas-formacion] No hay migraciones pendientes
[2026-06-10 10:59:01] [WARNING] [salas-formacion] Credenciales inválidas {"email":"coordinador@example.com","caller":"App\\Controllers\\AuthController::login"}
[2026-06-10 10:59:14] [INFO] [salas-formacion] No hay migraciones pendientes
[2026-06-10 10:59:15] [INFO] [salas-formacion] Inicio de sesión exitoso {"usuario_id":2,"email":"coordinador@example.com","rol":"coordinador"}
[2026-06-10 10:59:15] [INFO] [salas-formacion] No hay migraciones pendientes
[2026-06-10 10:59:15] [INFO] [salas-formacion] No hay migraciones pendientes
[2026-06-10 10:59:15] [INFO] [salas-formacion] No hay migraciones pendientes
[2026-06-10 10:59:15] [INFO] [salas-formacion] No hay migraciones pendientes
[2026-06-10 10:59:25] [INFO] [salas-formacion] No hay migraciones pendientes
[2026-06-10 10:59:25] [INFO] [salas-formacion] No hay migraciones pendientes
[2026-06-10 10:59:25] [INFO] [salas-formacion] No hay migraciones pendientes
[2026-06-10 10:59:26] [INFO] [salas-formacion] No hay migraciones pendientes
[2026-06-10 10:59:26] [INFO] [salas-formacion] No hay migraciones pendientes
[2026-06-10 10:59:26] [INFO] [salas-formacion] No hay migraciones pendientes
[2026-06-10 10:59:26] [INFO] [salas-formacion] No hay migraciones pendientes
[2026-06-10 10:59:27] [INFO] [salas-formacion] No hay migraciones pendientes
[2026-06-10 10:59:37] [INFO] [salas-formacion] No hay migraciones pendientes
[2026-06-10 10:59:37] [WARNING] [salas-formacion] Credenciales inválidas {"email":"admin@example.com","caller":"App\\Controllers\\AuthController::login"}
[2026-06-10 10:59:41] [INFO] [salas-formacion] No hay migraciones pendientes
[2026-06-10 10:59:41] [INFO] [salas-formacion] Inicio de sesión exitoso {"usuario_id":1,"email":"admin@example.com","rol":"admin"}
[2026-06-10 10:59:41] [INFO] [salas-formacion] No hay migraciones pendientes
[2026-06-10 10:59:41] [INFO] [salas-formacion] No hay migraciones pendientes
[2026-06-10 10:59:41] [INFO] [salas-formacion] No hay migraciones pendientes
[2026-06-10 10:59:41] [INFO] [salas-formacion] No hay migraciones pendientes
[2026-06-10 10:59:42] [INFO] [salas-formacion] No hay migraciones pendientes
[2026-06-10 10:59:42] [INFO] [salas-formacion] No hay migraciones pendientes
[2026-06-10 10:59:42] [INFO] [salas-formacion] No hay migraciones pendientes
[2026-06-10 10:59:42] [INFO] [salas-formacion] No hay migraciones pendientes
[2026-06-10 10:59:44] [INFO] [salas-formacion] No hay migraciones pendientes
[2026-06-10 11:00:11] [INFO] [salas-formacion] No hay migraciones pendientes
[2026-06-10 11:00:11] [INFO] [salas-formacion] No hay migraciones pendientes
[2026-06-10 11:00:19] [INFO] [salas-formacion] No hay migraciones pendientes
[2026-06-10 11:00:19] [INFO] [salas-formacion] No hay migraciones pendientes
[2026-06-10 11:00:19] [INFO] [salas-formacion] No hay migraciones pendientes
[2026-06-10 11:01:07] [INFO] [salas-formacion] No hay migraciones pendientes
[2026-06-10 11:01:07] [INFO] [salas-formacion] No hay migraciones pendientes
[2026-06-10 11:01:10] [INFO] [salas-formacion] No hay migraciones pendientes
[2026-06-10 11:01:16] [INFO] [salas-formacion] No hay migraciones pendientes
[2026-06-10 11:01:16] [INFO] [salas-formacion] No hay migraciones pendientes
[2026-06-10 11:01:16] [INFO] [salas-formacion] No hay migraciones pendientes
[2026-06-10 11:01:16] [INFO] [salas-formacion] No hay migraciones pendientes
[2026-06-10 11:01:18] [INFO] [salas-formacion] No hay migraciones pendientes
[2026-06-10 11:01:19] [INFO] [salas-formacion] No hay migraciones pendientes
[2026-06-10 11:01:19] [INFO] [salas-formacion] No hay migraciones pendientes
[2026-06-10 11:01:19] [INFO] [salas-formacion] No hay migraciones pendientes
[2026-06-10 11:01:20] [INFO] [salas-formacion] No hay migraciones pendientes
[2026-06-10 11:01:23] [INFO] [salas-formacion] No hay migraciones pendientes
[2026-06-10 11:01:23] [INFO] [salas-formacion] No hay migraciones pendientes
[2026-06-10 11:01:38] [INFO] [salas-formacion] No hay migraciones pendientes
[2026-06-10 11:01:38] [INFO] [salas-formacion] No hay migraciones pendientes
[2026-06-10 11:01:49] [INFO] [salas-formacion] No hay migraciones pendientes
[2026-06-10 11:01:49] [INFO] [salas-formacion] No hay migraciones pendientes
[2026-06-10 11:01:49] [INFO] [salas-formacion] No hay migraciones pendientes
[2026-06-10 11:01:49] [INFO] [salas-formacion] No hay migraciones pendientes
[2026-06-10 11:01:56] [INFO] [salas-formacion] No hay migraciones pendientes
[2026-06-10 11:01:56] [INFO] [salas-formacion] No hay migraciones pendientes
[2026-06-10 11:05:48] [INFO] [salas-formacion] No hay migraciones pendientes
[2026-06-10 11:05:48] [INFO] [salas-formacion] No hay migraciones pendientes
[2026-06-10 11:05:48] [INFO] [salas-formacion] No hay migraciones pendientes
[2026-06-10 11:05:51] [INFO] [salas-formacion] No hay migraciones pendientes
[2026-06-10 11:05:53] [INFO] [salas-formacion] No hay migraciones pendientes
[2026-06-10 11:05:58] [INFO] [salas-formacion] No hay migraciones pendientes
[2026-06-10 11:05:58] [INFO] [salas-formacion] Permiso actualizado {"rol":"coordinador","componente":"permisos","data":{"permiso_lectura":false,"permiso_creacion":false,"permiso_actualizacion":false,"permiso_eliminacion":false}}
[2026-06-10 11:06:08] [INFO] [salas-formacion] No hay migraciones pendientes
[2026-06-10 11:06:08] [WARNING] [salas-formacion] Credenciales inválidas {"email":"coordinador@example.com","caller":"App\\Controllers\\AuthController::login"}
[2026-06-10 11:06:11] [INFO] [salas-formacion] No hay migraciones pendientes
[2026-06-10 11:06:11] [INFO] [salas-formacion] Inicio de sesión exitoso {"usuario_id":2,"email":"coordinador@example.com","rol":"coordinador"}
[2026-06-10 11:06:11] [INFO] [salas-formacion] No hay migraciones pendientes
[2026-06-10 11:06:11] [INFO] [salas-formacion] No hay migraciones pendientes
[2026-06-10 11:06:11] [INFO] [salas-formacion] No hay migraciones pendientes
[2026-06-10 11:06:11] [INFO] [salas-formacion] No hay migraciones pendientes
[2026-06-10 11:06:11] [WARNING] [salas-formacion] Acceso denegado - sin permiso para operación {"rol":"coordinador","componente":"permisos","metodo":"GET"}
[2026-06-10 11:06:16] [INFO] [salas-formacion] No hay migraciones pendientes
[2026-06-10 11:06:16] [INFO] [salas-formacion] No hay migraciones pendientes
[2026-06-10 11:06:16] [WARNING] [salas-formacion] Acceso denegado - sin permiso para operación {"rol":"coordinador","componente":"usuarios","metodo":"GET"}
[2026-06-10 11:06:17] [INFO] [salas-formacion] No hay migraciones pendientes
[2026-06-10 11:06:17] [WARNING] [salas-formacion] Acceso denegado - sin permiso para operación {"rol":"coordinador","componente":"maestros","metodo":"GET"}
[2026-06-10 11:06:18] [INFO] [salas-formacion] No hay migraciones pendientes
[2026-06-10 11:06:18] [WARNING] [salas-formacion] Acceso denegado - sin permiso para operación {"rol":"coordinador","componente":"permisos","metodo":"GET"}
[2026-06-10 11:06:20] [INFO] [salas-formacion] No hay migraciones pendientes
[2026-06-10 11:06:20] [INFO] [salas-formacion] No hay migraciones pendientes
[2026-06-10 11:06:20] [WARNING] [salas-formacion] Acceso denegado - sin permiso para operación {"rol":"coordinador","componente":"usuarios","metodo":"GET"}
[2026-06-10 11:06:22] [INFO] [salas-formacion] No hay migraciones pendientes
[2026-06-10 11:06:22] [INFO] [salas-formacion] No hay migraciones pendientes
[2026-06-10 11:06:22] [INFO] [salas-formacion] No hay migraciones pendientes
[2026-06-10 11:06:23] [INFO] [salas-formacion] No hay migraciones pendientes
[2026-06-10 11:06:26] [INFO] [salas-formacion] No hay migraciones pendientes
[2026-06-10 11:06:26] [INFO] [salas-formacion] No hay migraciones pendientes
[2026-06-10 11:06:26] [INFO] [salas-formacion] No hay migraciones pendientes
[2026-06-10 11:06:26] [INFO] [salas-formacion] No hay migraciones pendientes
[2026-06-10 11:06:26] [INFO] [salas-formacion] No hay migraciones pendientes
[2026-06-10 11:06:26] [INFO] [salas-formacion] No hay migraciones pendientes
[2026-06-10 11:06:29] [INFO] [salas-formacion] No hay migraciones pendientes
[2026-06-10 11:06:29] [INFO] [salas-formacion] No hay migraciones pendientes
[2026-06-10 11:06:29] [INFO] [salas-formacion] No hay migraciones pendientes
[2026-06-10 11:06:29] [WARNING] [salas-formacion] Acceso denegado - sin permiso para operación {"rol":"coordinador","componente":"permisos","metodo":"GET"}
[2026-06-10 11:06:29] [INFO] [salas-formacion] No hay migraciones pendientes
[2026-06-10 11:06:34] [INFO] [salas-formacion] No hay migraciones pendientes
[2026-06-10 11:06:34] [INFO] [salas-formacion] No hay migraciones pendientes
[2026-06-10 11:06:34] [INFO] [salas-formacion] No hay migraciones pendientes
[2026-06-10 11:06:34] [WARNING] [salas-formacion] Acceso denegado - sin permiso para operación {"rol":"coordinador","componente":"permisos","metodo":"GET"}
[2026-06-10 11:06:34] [INFO] [salas-formacion] No hay migraciones pendientes
[2026-06-10 11:06:36] [INFO] [salas-formacion] No hay migraciones pendientes
[2026-06-10 11:06:36] [INFO] [salas-formacion] No hay migraciones pendientes
[2026-06-10 11:06:36] [INFO] [salas-formacion] No hay migraciones pendientes
[2026-06-10 11:06:38] [INFO] [salas-formacion] No hay migraciones pendientes
[2026-06-10 11:06:38] [INFO] [salas-formacion] No hay migraciones pendientes
[2026-06-10 11:06:38] [INFO] [salas-formacion] No hay migraciones pendientes
[2026-06-10 11:06:38] [WARNING] [salas-formacion] Acceso denegado - sin permiso para operación {"rol":"coordinador","componente":"permisos","metodo":"GET"}
[2026-06-10 11:06:38] [INFO] [salas-formacion] No hay migraciones pendientes
[2026-06-10 11:06:47] [INFO] [salas-formacion] No hay migraciones pendientes
[2026-06-10 11:06:47] [INFO] [salas-formacion] No hay migraciones pendientes
[2026-06-10 11:06:47] [INFO] [salas-formacion] No hay migraciones pendientes
[2026-06-10 11:06:47] [INFO] [salas-formacion] No hay migraciones pendientes
[2026-06-10 11:06:47] [WARNING] [salas-formacion] Acceso denegado - sin permiso para operación {"rol":"coordinador","componente":"permisos","metodo":"GET"}
[2026-06-10 11:07:09] [INFO] [salas-formacion] No hay migraciones pendientes
[2026-06-10 11:07:09] [INFO] [salas-formacion] No hay migraciones pendientes
[2026-06-10 11:07:09] [INFO] [salas-formacion] No hay migraciones pendientes
[2026-06-10 11:07:09] [INFO] [salas-formacion] No hay migraciones pendientes
[2026-06-10 11:07:09] [WARNING] [salas-formacion] Acceso denegado - sin permiso para operación {"rol":"coordinador","componente":"permisos","metodo":"GET"}
[2026-06-10 11:07:11] [INFO] [salas-formacion] No hay migraciones pendientes
[2026-06-10 11:07:11] [INFO] [salas-formacion] No hay migraciones pendientes
[2026-06-10 11:07:11] [INFO] [salas-formacion] No hay migraciones pendientes
[2026-06-10 11:07:11] [INFO] [salas-formacion] No hay migraciones pendientes
[2026-06-10 11:07:11] [WARNING] [salas-formacion] Acceso denegado - sin permiso para operación {"rol":"coordinador","componente":"permisos","metodo":"GET"}
[2026-06-10 11:07:23] [INFO] [salas-formacion] No hay migraciones pendientes
[2026-06-10 11:07:24] [INFO] [salas-formacion] Inicio de sesión exitoso {"usuario_id":1,"email":"admin@example.com","rol":"admin"}
[2026-06-10 11:07:24] [INFO] [salas-formacion] No hay migraciones pendientes
[2026-06-10 11:07:24] [INFO] [salas-formacion] No hay migraciones pendientes
[2026-06-10 11:07:24] [INFO] [salas-formacion] No hay migraciones pendientes
[2026-06-10 11:07:24] [INFO] [salas-formacion] No hay migraciones pendientes
[2026-06-10 11:07:32] [INFO] [salas-formacion] No hay migraciones pendientes
[2026-06-10 11:07:32] [INFO] [salas-formacion] No hay migraciones pendientes
[2026-06-10 11:07:37] [INFO] [salas-formacion] No hay migraciones pendientes
[2026-06-10 11:07:38] [INFO] [salas-formacion] No hay migraciones pendientes
[2026-06-10 11:09:50] [INFO] [salas-formacion] No hay migraciones pendientes
[2026-06-10 11:10:00] [INFO] [salas-formacion] No hay migraciones pendientes
[2026-06-10 11:10:00] [INFO] [salas-formacion] No hay migraciones pendientes
[2026-06-10 11:10:23] [INFO] [salas-formacion] No hay migraciones pendientes
[2026-06-10 11:10:23] [WARNING] [salas-formacion] Credenciales inválidas {"email":"coordinador@example.com","caller":"App\\Controllers\\AuthController::login"}
[2026-06-10 11:10:25] [INFO] [salas-formacion] No hay migraciones pendientes
[2026-06-10 11:10:26] [INFO] [salas-formacion] Inicio de sesión exitoso {"usuario_id":2,"email":"coordinador@example.com","rol":"coordinador"}
[2026-06-10 11:10:26] [INFO] [salas-formacion] No hay migraciones pendientes
[2026-06-10 11:10:26] [INFO] [salas-formacion] No hay migraciones pendientes
[2026-06-10 11:10:26] [INFO] [salas-formacion] No hay migraciones pendientes
[2026-06-10 11:10:26] [INFO] [salas-formacion] No hay migraciones pendientes
[2026-06-10 11:10:26] [WARNING] [salas-formacion] Acceso denegado - sin permiso para operación {"rol":"coordinador","componente":"permisos","metodo":"GET"}
[2026-06-10 11:12:40] [INFO] [salas-formacion] No hay migraciones pendientes
[2026-06-10 11:12:40] [INFO] [salas-formacion] No hay migraciones pendientes
[2026-06-10 11:12:40] [INFO] [salas-formacion] No hay migraciones pendientes
[2026-06-10 11:12:40] [INFO] [salas-formacion] No hay migraciones pendientes
[2026-06-10 11:12:40] [WARNING] [salas-formacion] Acceso denegado - sin permiso para operación {"rol":"coordinador","componente":"permisos","metodo":"GET"}
[2026-06-10 11:15:11] [INFO] [salas-formacion] No hay migraciones pendientes
[2026-06-10 11:15:11] [INFO] [salas-formacion] No hay migraciones pendientes
[2026-06-10 11:15:11] [INFO] [salas-formacion] No hay migraciones pendientes
[2026-06-10 11:15:11] [INFO] [salas-formacion] No hay migraciones pendientes
[2026-06-10 11:15:11] [WARNING] [salas-formacion] Acceso denegado - sin permiso para operación {"rol":"coordinador","componente":"permisos","metodo":"GET"}
[2026-06-10 11:15:26] [INFO] [salas-formacion] No hay migraciones pendientes
[2026-06-10 11:15:26] [INFO] [salas-formacion] No hay migraciones pendientes
[2026-06-10 11:15:26] [INFO] [salas-formacion] No hay migraciones pendientes
[2026-06-10 11:15:26] [INFO] [salas-formacion] No hay migraciones pendientes
[2026-06-10 11:15:26] [WARNING] [salas-formacion] Acceso denegado - sin permiso para operación {"rol":"coordinador","componente":"permisos","metodo":"GET"}
[2026-06-10 11:24:02] [INFO] [salas-formacion] No hay migraciones pendientes
[2026-06-10 11:24:02] [INFO] [salas-formacion] No hay migraciones pendientes
[2026-06-10 11:24:02] [INFO] [salas-formacion] No hay migraciones pendientes
[2026-06-10 11:24:02] [INFO] [salas-formacion] No hay migraciones pendientes
[2026-06-10 11:24:06] [INFO] [salas-formacion] No hay migraciones pendientes
[2026-06-10 11:24:06] [INFO] [salas-formacion] No hay migraciones pendientes
[2026-06-10 11:24:06] [INFO] [salas-formacion] No hay migraciones pendientes
[2026-06-10 11:24:08] [INFO] [salas-formacion] No hay migraciones pendientes
[2026-06-10 11:24:11] [INFO] [salas-formacion] No hay migraciones pendientes
[2026-06-10 11:24:11] [INFO] [salas-formacion] No hay migraciones pendientes
[2026-06-10 11:24:11] [INFO] [salas-formacion] No hay migraciones pendientes
[2026-06-10 11:24:12] [INFO] [salas-formacion] No hay migraciones pendientes
[2026-06-10 11:24:14] [INFO] [salas-formacion] No hay migraciones pendientes
[2026-06-10 11:24:14] [INFO] [salas-formacion] No hay migraciones pendientes
[2026-06-10 11:24:14] [INFO] [salas-formacion] No hay migraciones pendientes
[2026-06-10 11:28:15] [INFO] [salas-formacion] No hay migraciones pendientes
[2026-06-10 11:28:16] [INFO] [salas-formacion] No hay migraciones pendientes
[2026-06-10 11:28:16] [INFO] [salas-formacion] No hay migraciones pendientes
[2026-06-10 11:28:16] [INFO] [salas-formacion] No hay migraciones pendientes
[2026-06-10 11:28:22] [INFO] [salas-formacion] No hay migraciones pendientes
[2026-06-10 11:28:22] [INFO] [salas-formacion] Inicio de sesión exitoso {"usuario_id":1,"email":"admin@example.com","rol":"admin"}
[2026-06-10 11:28:22] [INFO] [salas-formacion] No hay migraciones pendientes
[2026-06-10 11:28:22] [INFO] [salas-formacion] No hay migraciones pendientes
[2026-06-10 11:28:22] [INFO] [salas-formacion] No hay migraciones pendientes
[2026-06-10 11:28:22] [INFO] [salas-formacion] No hay migraciones pendientes
[2026-06-10 11:28:26] [INFO] [salas-formacion] No hay migraciones pendientes
[2026-06-10 11:28:35] [INFO] [salas-formacion] No hay migraciones pendientes
[2026-06-10 11:28:35] [INFO] [salas-formacion] Permiso actualizado {"rol":"coordinador","componente":"permisos","data":{"permiso_lectura":true,"permiso_creacion":false,"permiso_actualizacion":false,"permiso_eliminacion":false}}
[2026-06-10 11:28:36] [INFO] [salas-formacion] No hay migraciones pendientes
[2026-06-10 11:28:36] [INFO] [salas-formacion] Permiso actualizado {"rol":"coordinador","componente":"usuarios","data":{"permiso_lectura":true,"permiso_creacion":false,"permiso_actualizacion":false,"permiso_eliminacion":false}}
[2026-06-10 11:28:43] [INFO] [salas-formacion] No hay migraciones pendientes
[2026-06-10 11:28:53] [INFO] [salas-formacion] No hay migraciones pendientes
[2026-06-10 11:29:07] [INFO] [salas-formacion] No hay migraciones pendientes
[2026-06-10 11:29:07] [INFO] [salas-formacion] No hay migraciones pendientes
[2026-06-10 11:29:09] [INFO] [salas-formacion] No hay migraciones pendientes
[2026-06-10 11:29:09] [INFO] [salas-formacion] No hay migraciones pendientes
[2026-06-10 11:29:30] [INFO] [salas-formacion] No hay migraciones pendientes
[2026-06-10 11:29:30] [INFO] [salas-formacion] No hay migraciones pendientes
[2026-06-10 11:29:30] [INFO] [salas-formacion] No hay migraciones pendientes
[2026-06-10 11:29:31] [INFO] [salas-formacion] No hay migraciones pendientes
[2026-06-10 11:29:32] [INFO] [salas-formacion] No hay migraciones pendientes
[2026-06-10 11:29:32] [INFO] [salas-formacion] No hay migraciones pendientes
[2026-06-10 11:29:32] [INFO] [salas-formacion] No hay migraciones pendientes
[2026-06-10 11:29:33] [INFO] [salas-formacion] No hay migraciones pendientes
[2026-06-10 11:29:37] [INFO] [salas-formacion] No hay migraciones pendientes
[2026-06-10 11:29:37] [INFO] [salas-formacion] No hay migraciones pendientes
[2026-06-10 11:29:38] [INFO] [salas-formacion] No hay migraciones pendientes
[2026-06-10 11:29:39] [INFO] [salas-formacion] No hay migraciones pendientes
[2026-06-10 11:29:41] [INFO] [salas-formacion] No hay migraciones pendientes
[2026-06-10 11:29:43] [INFO] [salas-formacion] No hay migraciones pendientes
[2026-06-10 11:29:43] [INFO] [salas-formacion] No hay migraciones pendientes
[2026-06-10 11:29:43] [INFO] [salas-formacion] No hay migraciones pendientes
[2026-06-10 11:29:44] [INFO] [salas-formacion] No hay migraciones pendientes
[2026-06-10 11:29:46] [INFO] [salas-formacion] No hay migraciones pendientes
[2026-06-10 11:29:46] [INFO] [salas-formacion] No hay migraciones pendientes
[2026-06-10 11:29:46] [INFO] [salas-formacion] No hay migraciones pendientes
[2026-06-10 11:29:50] [INFO] [salas-formacion] No hay migraciones pendientes
[2026-06-10 11:29:50] [INFO] [salas-formacion] No hay migraciones pendientes
[2026-06-10 11:29:52] [INFO] [salas-formacion] No hay migraciones pendientes
[2026-06-10 11:29:52] [INFO] [salas-formacion] No hay migraciones pendientes
[2026-06-10 11:30:05] [INFO] [salas-formacion] No hay migraciones pendientes
[2026-06-10 11:30:12] [INFO] [salas-formacion] No hay migraciones pendientes
[2026-06-10 11:30:15] [INFO] [salas-formacion] No hay migraciones pendientes
[2026-06-10 11:30:15] [INFO] [salas-formacion] Opción de maestro eliminada {"id":9,"codigo":"monitor"}
[2026-06-10 11:30:15] [INFO] [salas-formacion] No hay migraciones pendientes
[2026-06-10 11:30:19] [INFO] [salas-formacion] No hay migraciones pendientes
[2026-06-10 11:30:20] [INFO] [salas-formacion] No hay migraciones pendientes
[2026-06-10 11:30:21] [INFO] [salas-formacion] No hay migraciones pendientes
[2026-06-10 11:30:21] [INFO] [salas-formacion] No hay migraciones pendientes
[2026-06-10 11:30:23] [INFO] [salas-formacion] No hay migraciones pendientes
[2026-06-10 11:30:23] [INFO] [salas-formacion] No hay migraciones pendientes
[2026-06-10 11:30:23] [INFO] [salas-formacion] No hay migraciones pendientes
[2026-06-10 11:30:24] [INFO] [salas-formacion] No hay migraciones pendientes
[2026-06-10 11:30:26] [INFO] [salas-formacion] No hay migraciones pendientes
[2026-06-10 11:30:26] [INFO] [salas-formacion] No hay migraciones pendientes
[2026-06-10 11:30:26] [INFO] [salas-formacion] No hay migraciones pendientes
[2026-06-10 11:30:27] [INFO] [salas-formacion] No hay migraciones pendientes
[2026-06-10 11:30:51] [INFO] [salas-formacion] No hay migraciones pendientes
[2026-06-10 11:30:51] [INFO] [salas-formacion] Sucursal creada {"id":2,"nombre":"Sucursal Norte"}
[2026-06-10 11:30:51] [INFO] [salas-formacion] No hay migraciones pendientes
[2026-06-10 11:31:13] [INFO] [salas-formacion] No hay migraciones pendientes
[2026-06-10 11:31:13] [INFO] [salas-formacion] Sucursal creada {"id":3,"nombre":"Sucursal Sur"}
[2026-06-10 11:31:13] [INFO] [salas-formacion] No hay migraciones pendientes
[2026-06-10 11:31:15] [INFO] [salas-formacion] No hay migraciones pendientes
[2026-06-10 11:31:15] [INFO] [salas-formacion] No hay migraciones pendientes
[2026-06-10 11:31:15] [INFO] [salas-formacion] No hay migraciones pendientes
[2026-06-10 11:31:33] [INFO] [salas-formacion] No hay migraciones pendientes
[2026-06-10 11:31:33] [INFO] [salas-formacion] Sala creada {"id":2,"nombre":"Sala-102","sucursal_id":1}
[2026-06-10 11:31:33] [INFO] [salas-formacion] No hay migraciones pendientes
[2026-06-10 11:31:52] [INFO] [salas-formacion] No hay migraciones pendientes
[2026-06-10 11:31:52] [INFO] [salas-formacion] Sala creada {"id":3,"nombre":"Sala-001","sucursal_id":3}
[2026-06-10 11:31:52] [INFO] [salas-formacion] No hay migraciones pendientes
[2026-06-10 11:32:05] [INFO] [salas-formacion] No hay migraciones pendientes
[2026-06-10 11:32:05] [INFO] [salas-formacion] Sala creada {"id":4,"nombre":"Sala-002","sucursal_id":3}
[2026-06-10 11:32:05] [INFO] [salas-formacion] No hay migraciones pendientes
[2026-06-10 11:32:20] [INFO] [salas-formacion] No hay migraciones pendientes
[2026-06-10 11:32:20] [INFO] [salas-formacion] Sala creada {"id":5,"nombre":"Sala-101","sucursal_id":2}
[2026-06-10 11:32:20] [INFO] [salas-formacion] No hay migraciones pendientes
[2026-06-10 11:32:39] [INFO] [salas-formacion] No hay migraciones pendientes
[2026-06-10 11:32:39] [INFO] [salas-formacion] Sala creada {"id":6,"nombre":"Sala-201","sucursal_id":2}
[2026-06-10 11:32:39] [INFO] [salas-formacion] No hay migraciones pendientes
[2026-06-10 11:32:54] [INFO] [salas-formacion] No hay migraciones pendientes
[2026-06-10 11:32:54] [INFO] [salas-formacion] Sala creada {"id":7,"nombre":"Sala-302","sucursal_id":2}
[2026-06-10 11:32:54] [INFO] [salas-formacion] No hay migraciones pendientes
[2026-06-10 11:32:56] [INFO] [salas-formacion] No hay migraciones pendientes
[2026-06-10 11:32:58] [INFO] [salas-formacion] No hay migraciones pendientes
[2026-06-10 11:32:58] [INFO] [salas-formacion] No hay migraciones pendientes
[2026-06-10 11:32:58] [INFO] [salas-formacion] No hay migraciones pendientes
[2026-06-10 11:33:33] [INFO] [salas-formacion] No hay migraciones pendientes
[2026-06-10 11:33:33] [INFO] [salas-formacion] Reserva creada {"id":2,"sala_id":2,"usuario_id":1,"fecha_inicio":"2026-06-11T11:33:00","fecha_fin":"2026-06-11T12:33:00"}
[2026-06-10 11:33:33] [INFO] [salas-formacion] No hay migraciones pendientes
[2026-06-10 11:33:48] [INFO] [salas-formacion] No hay migraciones pendientes
[2026-06-10 11:34:06] [INFO] [salas-formacion] No hay migraciones pendientes
[2026-06-10 11:34:06] [INFO] [salas-formacion] Reserva creada {"id":3,"sala_id":3,"usuario_id":1,"fecha_inicio":"2026-06-10T11:40:00","fecha_fin":"2026-06-10T12:00:00"}
[2026-06-10 11:34:06] [INFO] [salas-formacion] No hay migraciones pendientes
[2026-06-10 11:34:12] [INFO] [salas-formacion] No hay migraciones pendientes
[2026-06-10 11:34:12] [INFO] [salas-formacion] Reserva cancelada {"id":3,"sala_id":3}
[2026-06-10 11:34:12] [INFO] [salas-formacion] No hay migraciones pendientes
[2026-06-10 11:34:31] [INFO] [salas-formacion] No hay migraciones pendientes
[2026-06-10 11:34:35] [INFO] [salas-formacion] No hay migraciones pendientes
[2026-06-10 11:34:39] [INFO] [salas-formacion] No hay migraciones pendientes
[2026-06-10 11:34:43] [INFO] [salas-formacion] No hay migraciones pendientes
[2026-06-10 11:34:47] [INFO] [salas-formacion] No hay migraciones pendientes
[2026-06-10 11:34:51] [INFO] [salas-formacion] No hay migraciones pendientes
[2026-06-10 11:34:53] [INFO] [salas-formacion] No hay migraciones pendientes
[2026-06-10 11:35:05] [INFO] [salas-formacion] No hay migraciones pendientes
[2026-06-10 11:35:08] [INFO] [salas-formacion] No hay migraciones pendientes
[2026-06-10 11:35:10] [INFO] [salas-formacion] No hay migraciones pendientes
